#
# There is insufficient memory for the Java Runtime Environment to continue.
# Native memory allocation (mmap) failed to map 260046848 bytes for G1 virtual space
# Possible reasons:
#   The system is out of physical RAM or swap space
#   The process is running with CompressedOops enabled, and the Java Heap may be blocking the growth of the native heap
# Possible solutions:
#   Reduce memory load on the system
#   Increase physical memory or swap space
#   Check if swap backing store is full
#   Decrease Java heap size (-Xmx/-Xms)
#   Decrease number of Java threads
#   Decrease Java thread stack sizes (-Xss)
#   Set larger code cache with -XX:ReservedCodeCacheSize=
#   JVM is running with Zero Based Compressed Oops mode in which the Java heap is
#     placed in the first 32GB address space. The Java Heap base address is the
#     maximum limit for the native heap growth. Please use -XX:HeapBaseMinAddress
#     to set the Java Heap base and to place the Java Heap above 32GB virtual address.
# This output file may be truncated or incomplete.
#
#  Out of Memory Error (os_windows.cpp:3536), pid=15564, tid=5504
#
# JRE version:  (19.0.2+7) (build )
# Java VM: Java HotSpot(TM) 64-Bit Server VM (19.0.2+7-44, mixed mode, sharing, tiered, compressed oops, compressed class ptrs, g1 gc, windows-amd64)
# No core dump will be written. Minidumps are not enabled by default on client versions of Windows
#

---------------  S U M M A R Y ------------

Command Line: -Dcom.android.sdklib.toolsdir=C:\Users\phipa\AppData\Local\Android\Sdk\cmdline-tools\latest\bin\\.. com.android.sdklib.tool.sdkmanager.SdkManagerCli --list

Host: AMD Ryzen 5 5600H with Radeon Graphics         , 12 cores, 15G,  Windows 11 , 64 bit Build 22621 (10.0.22621.3672)
Time: Thu Jun 20 19:59:56 2024 SE Asia Standard Time elapsed time: 0.007921 seconds (0d 0h 0m 0s)

---------------  T H R E A D  ---------------

Current thread (0x0000018d990737e0):  JavaThread "Unknown thread" [_thread_in_vm, id=5504, stack(0x00000003c4d00000,0x00000003c4e00000)]

Stack: [0x00000003c4d00000,0x00000003c4e00000]
Native frames: (J=compiled Java code, j=interpreted, Vv=VM code, C=native code)
V  [jvm.dll+0x6ee21a]
V  [jvm.dll+0x85765e]
V  [jvm.dll+0x85904e]
V  [jvm.dll+0x859703]
V  [jvm.dll+0x28298f]
V  [jvm.dll+0x6eb009]
V  [jvm.dll+0x6dfbaa]
V  [jvm.dll+0x3573f6]
V  [jvm.dll+0x35ee56]
V  [jvm.dll+0x3b541e]
V  [jvm.dll+0x3b564f]
V  [jvm.dll+0x32c9ea]
V  [jvm.dll+0x32d89e]
V  [jvm.dll+0x821780]
V  [jvm.dll+0x3c2661]
V  [jvm.dll+0x801f51]
V  [jvm.dll+0x44ae8f]
V  [jvm.dll+0x44c811]
C  [jli.dll+0x5287]
C  [ucrtbase.dll+0x29333]
C  [KERNEL32.DLL+0x1257d]
C  [ntdll.dll+0x5af28]


---------------  P R O C E S S  ---------------

Threads class SMR info:
_java_thread_list=0x00007ff82d49d048, length=0, elements={
}

Java Threads: ( => current thread )

Other Threads:
  0x0000018d990e3c30 WorkerThread "GC Thread#0" [stack: 0x00000003c4e00000,0x00000003c4f00000] [id=9296]
  0x0000018d990f4270 ConcurrentGCThread "G1 Main Marker" [stack: 0x00000003c4f00000,0x00000003c5000000] [id=1924]
  0x0000018d990f5340 WorkerThread "G1 Conc#0" [stack: 0x00000003c5000000,0x00000003c5100000] [id=8920]

[error occurred during error reporting (printing all threads), id 0xc0000005, EXCEPTION_ACCESS_VIOLATION (0xc0000005) at pc=0x00007ff82cc5d427]

VM state: not at safepoint (not fully initialized)

VM Mutex/Monitor currently owned by a thread:  ([mutex/lock_event])
[0x0000018d9906f550] Heap_lock - owner thread: 0x0000018d990737e0

Heap address: 0x0000000709c00000, size: 3940 MB, Compressed Oops mode: Zero based, Oop shift amount: 3

CDS archive(s) mapped at: [0x0000000000000000-0x0000000000000000-0x0000000000000000), size 0, SharedBaseAddress: 0x0000000800000000, ArchiveRelocationMode: 0.
Narrow klass base: 0x0000000000000000, Narrow klass shift: 0, Narrow klass range: 0x0

GC Precious Log:
 CardTable entry size: 512
 Card Set container configuration: InlinePtr #cards 4 size 8 Array Of Cards #cards 16 size 48 Howl #buckets 8 coarsen threshold 3686 Howl Bitmap #cards 512 size 80 coarsen threshold 460 Card regions per heap region 1 cards per card region 4096

Heap:
 garbage-first heap   total 0K, used 0K [0x0000000709c00000, 0x0000000800000000)
  region size 2048K, 0 young (0K), 0 survivors (0K)

[error occurred during error reporting (printing heap information), id 0xc0000005, EXCEPTION_ACCESS_VIOLATION (0xc0000005) at pc=0x00007ff82d066649]

GC Heap History (0 events):
No events

Dll operation events (1 events):
Event: 0.005 Loaded shared library C:\Program Files\Java\jdk-19\bin\java.dll

Deoptimization events (0 events):
No events

Classes loaded (0 events):
No events

Classes unloaded (0 events):
No events

Classes redefined (0 events):
No events

Internal exceptions (0 events):
No events

VM Operations (0 events):
No events

Events (0 events):
No events


Dynamic libraries:
0x00007ff6516a0000 - 0x00007ff6516b0000 	C:\Program Files\Java\jdk-19\bin\java.exe
0x00007ff8b0a70000 - 0x00007ff8b0c87000 	C:\WINDOWS\SYSTEM32\ntdll.dll
0x00007ff8b02d0000 - 0x00007ff8b0394000 	C:\WINDOWS\System32\KERNEL32.DLL
0x00007ff8ae2c0000 - 0x00007ff8ae66c000 	C:\WINDOWS\System32\KERNELBASE.dll
0x00007ff8ade20000 - 0x00007ff8adf31000 	C:\WINDOWS\System32\ucrtbase.dll
0x00007ff8a93f0000 - 0x00007ff8a940b000 	C:\Program Files\Java\jdk-19\bin\VCRUNTIME140.dll
0x00007ff8a91b0000 - 0x00007ff8a91c8000 	C:\Program Files\Java\jdk-19\bin\jli.dll
0x00007ff8b0520000 - 0x00007ff8b05d2000 	C:\WINDOWS\System32\ADVAPI32.dll
0x00007ff8af040000 - 0x00007ff8af0e7000 	C:\WINDOWS\System32\msvcrt.dll
0x00007ff8b06e0000 - 0x00007ff8b078a000 	C:\WINDOWS\System32\sechost.dll
0x00007ff8ae1d0000 - 0x00007ff8ae1f8000 	C:\WINDOWS\System32\bcrypt.dll
0x00007ff8b0000000 - 0x00007ff8b0115000 	C:\WINDOWS\System32\RPCRT4.dll
0x00007ff8b0880000 - 0x00007ff8b0a2e000 	C:\WINDOWS\System32\USER32.dll
0x00007ff8ae780000 - 0x00007ff8ae7a6000 	C:\WINDOWS\System32\win32u.dll
0x00007ff8934f0000 - 0x00007ff893783000 	C:\WINDOWS\WinSxS\amd64_microsoft.windows.common-controls_6595b64144ccf1df_6.0.22621.3672_none_2713b9d173822955\COMCTL32.dll
0x00007ff8b07f0000 - 0x00007ff8b0819000 	C:\WINDOWS\System32\GDI32.dll
0x00007ff8adf40000 - 0x00007ff8ae059000 	C:\WINDOWS\System32\gdi32full.dll
0x00007ff8ae670000 - 0x00007ff8ae70a000 	C:\WINDOWS\System32\msvcp_win.dll
0x00007ff8a5170000 - 0x00007ff8a517a000 	C:\WINDOWS\SYSTEM32\VERSION.dll
0x00007ff8af440000 - 0x00007ff8af471000 	C:\WINDOWS\System32\IMM32.DLL
0x00007ff8aafe0000 - 0x00007ff8aafec000 	C:\Program Files\Java\jdk-19\bin\vcruntime140_1.dll
0x00007ff89c9b0000 - 0x00007ff89ca3e000 	C:\Program Files\Java\jdk-19\bin\msvcp140.dll
0x00007ff82c920000 - 0x00007ff82d5e0000 	C:\Program Files\Java\jdk-19\bin\server\jvm.dll
0x00007ff8a9430000 - 0x00007ff8a9439000 	C:\WINDOWS\SYSTEM32\WSOCK32.dll
0x00007ff8a8560000 - 0x00007ff8a8594000 	C:\WINDOWS\SYSTEM32\WINMM.dll
0x00007ff8af0f0000 - 0x00007ff8af161000 	C:\WINDOWS\System32\WS2_32.dll
0x00007ff8acdd0000 - 0x00007ff8acde8000 	C:\WINDOWS\SYSTEM32\kernel.appcore.dll
0x00007ff8a9250000 - 0x00007ff8a925a000 	C:\Program Files\Java\jdk-19\bin\jimage.dll
0x00007ff8a4540000 - 0x00007ff8a4772000 	C:\WINDOWS\SYSTEM32\DBGHELP.DLL
0x00007ff8afbf0000 - 0x00007ff8aff78000 	C:\WINDOWS\System32\combase.dll
0x00007ff8af5e0000 - 0x00007ff8af6b7000 	C:\WINDOWS\System32\OLEAUT32.dll
0x00007ff8a50b0000 - 0x00007ff8a50e2000 	C:\WINDOWS\SYSTEM32\dbgcore.DLL
0x00007ff8adda0000 - 0x00007ff8ade1b000 	C:\WINDOWS\System32\bcryptPrimitives.dll
0x00007ff89f1f0000 - 0x00007ff89f216000 	C:\Program Files\Java\jdk-19\bin\java.dll

dbghelp: loaded successfully - version: 4.0.5 - missing functions: none
symbol engine: initialized successfully - sym options: 0x614 - pdb path: .;C:\Program Files\Java\jdk-19\bin;C:\WINDOWS\SYSTEM32;C:\WINDOWS\WinSxS\amd64_microsoft.windows.common-controls_6595b64144ccf1df_6.0.22621.3672_none_2713b9d173822955;C:\Program Files\Java\jdk-19\bin\server

VM Arguments:
jvm_args: -Dcom.android.sdklib.toolsdir=C:\Users\phipa\AppData\Local\Android\Sdk\cmdline-tools\latest\bin\\.. 
java_command: com.android.sdklib.tool.sdkmanager.SdkManagerCli --list
java_class_path (initial): C:\Users\phipa\AppData\Local\Android\Sdk\cmdline-tools\latest\bin\..\lib\sdkmanager-classpath.jar
Launcher Type: SUN_STANDARD

[Global flags]
     intx CICompilerCount                          = 4                                         {product} {ergonomic}
     uint ConcGCThreads                            = 3                                         {product} {ergonomic}
     uint G1ConcRefinementThreads                  = 10                                        {product} {ergonomic}
   size_t G1HeapRegionSize                         = 2097152                                   {product} {ergonomic}
    uintx GCDrainStackTargetSize                   = 64                                        {product} {ergonomic}
   size_t InitialHeapSize                          = 260046848                                 {product} {ergonomic}
   size_t MarkStackSize                            = 4194304                                   {product} {ergonomic}
   size_t MaxHeapSize                              = 4131389440                                {product} {ergonomic}
   size_t MinHeapDeltaBytes                        = 2097152                                   {product} {ergonomic}
   size_t MinHeapSize                              = 8388608                                   {product} {ergonomic}
    uintx NonNMethodCodeHeapSize                   = 5839372                                {pd product} {ergonomic}
    uintx NonProfiledCodeHeapSize                  = 122909434                              {pd product} {ergonomic}
    uintx ProfiledCodeHeapSize                     = 122909434                              {pd product} {ergonomic}
    uintx ReservedCodeCacheSize                    = 251658240                              {pd product} {ergonomic}
     bool SegmentedCodeCache                       = true                                      {product} {ergonomic}
   size_t SoftMaxHeapSize                          = 4131389440                             {manageable} {ergonomic}
     bool UseCompressedClassPointers               = true                           {product lp64_product} {ergonomic}
     bool UseCompressedOops                        = true                           {product lp64_product} {ergonomic}
     bool UseG1GC                                  = true                                      {product} {ergonomic}
     bool UseLargePagesIndividualAllocation        = false                                  {pd product} {ergonomic}

Logging:
Log output configuration:
 #0: stdout all=warning uptime,level,tags foldmultilines=false
 #1: stderr all=off uptime,level,tags foldmultilines=false

Environment Variables:
JAVA_HOME=C:\Program Files\Java\jdk-19
CLASSPATH=C:\Users\phipa\AppData\Local\Android\Sdk\cmdline-tools\latest\bin\..\lib\sdkmanager-classpath.jar
PATH=F:\hoaLen\duAnHoaLen\node_modules\.bin;F:\hoaLen\duAnHoaLen\node_modules\.bin;F:\hoaLen\node_modules\.bin;F:\node_modules\.bin;C:\Program Files\nodejs\node_modules\npm\node_modules\@npmcli\run-script\lib\node-gyp-bin;C:\Program Files\Common Files\Oracle\Java\javapath;C:\WINDOWS\system32;C:\WINDOWS;C:\WINDOWS\System32\Wbem;C:\WINDOWS\System32\WindowsPowerShell\v1.0\;C:\WINDOWS\System32\OpenSSH\;C:\Program Files (x86)\Microsoft SQL Server\160\Tools\Binn\;C:\Program Files\Microsoft SQL Server\160\Tools\Binn\;C:\Program Files\Microsoft SQL Server\Client SDK\ODBC\170\Tools\Binn\;C:\Program Files\Microsoft SQL Server\160\DTS\Binn\;C:\Program Files\Azure Data Studio\bin;C:\Program Files\nodejs\;C:\ProgramData\chocolatey\bin;C:\Program Files\Git\cmd;C:\Users\phipa\AppData\Local\Android\Sdk\tools;C:\Users\phipa\AppData\Local\Android\Sdk\platform-tools;C:\Users\phipa\AppData\Local\Microsoft\WindowsApps;C:\Users\phipa\AppData\Local\Programs\Microsoft VS Code\bin;C:\Program Files\Azure Data Studio\bin;C:\Users\phipa\AppData\Roaming\npm;C:\Users\phipa\AppData\Local\Android\Sdk\platforms;E:\mongodb\;D:\web\WebStorm 2024.1.2\bin;;C:\Users\phipa\AppData\Local\Android\Sdk\tools\bin;C:\Users\phipa\AppData\Local\Android\Sdk\build-tools\34.0.0;
USERNAME=phipa
LANG=en_US.UTF-8
OS=Windows_NT
PROCESSOR_IDENTIFIER=AMD64 Family 25 Model 80 Stepping 0, AuthenticAMD
TMP=C:\Users\phipa\AppData\Local\Temp
TEMP=C:\Users\phipa\AppData\Local\Temp



---------------  S Y S T E M  ---------------

OS:
 Windows 11 , 64 bit Build 22621 (10.0.22621.3672)
OS uptime: 1 days 4:40 hours

CPU: total 12 (initial active 12) (12 cores per cpu, 2 threads per core) family 25 model 80 stepping 0 microcode 0x0, cx8, cmov, fxsr, ht, mmx, 3dnowpref, sse, sse2, sse3, ssse3, sse4a, sse4.1, sse4.2, popcnt, lzcnt, tsc, tscinvbit, avx, avx2, aes, erms, clmul, bmi1, bmi2, adx, sha, fma, vzeroupper, clflush, clflushopt, rdtscp, rdpid, fsrm

Memory: 4k page, system-wide physical 15752M (592M free)
TotalPageFile size 28040M (AvailPageFile size 175M)
current process WorkingSet (physical memory assigned to process): 11M, peak: 11M
current process commit charge ("private bytes"): 64M, peak: 312M

vm_info: Java HotSpot(TM) 64-Bit Server VM (19.0.2+7-44) for windows-amd64 JRE (19.0.2+7-44), built on 2022-11-30T18:02:09Z by "mach5one" with MS VC++ 17.1 (VS2022)

END.
