#
# There is insufficient memory for the Java Runtime Environment to continue.
# Native memory allocation (mmap) failed to map 65536 bytes for Failed to commit metaspace.
# Possible reasons:
#   The system is out of physical RAM or swap space
#   The process is running with CompressedOops enabled, and the Java Heap may be blocking the growth of the native heap
# Possible solutions:
#   Reduce memory load on the system
#   Increase physical memory or swap space
#   Check if swap backing store is full
#   Decrease Java heap size (-Xmx/-Xms)
#   Decrease number of Java threads
#   Decrease Java thread stack sizes (-Xss)
#   Set larger code cache with -XX:ReservedCodeCacheSize=
#   JVM is running with Unscaled Compressed Oops mode in which the Java heap is
#     placed in the first 4GB address space. The Java Heap base address is the
#     maximum limit for the native heap growth. Please use -XX:HeapBaseMinAddress
#     to set the Java Heap base and to place the Java Heap above 4GB virtual address.
# This output file may be truncated or incomplete.
#
#  Out of Memory Error (virtualSpaceNode.cpp:110), pid=9720, tid=22456
#
# JRE version: Java(TM) SE Runtime Environment (19.0.2+7) (build 19.0.2+7-44)
# Java VM: Java HotSpot(TM) 64-Bit Server VM (19.0.2+7-44, mixed mode, sharing, tiered, compressed oops, compressed class ptrs, g1 gc, windows-amd64)
# No core dump will be written. Minidumps are not enabled by default on client versions of Windows
#

---------------  S U M M A R Y ------------

Command Line: -Xmx64m -Xms64m -Dorg.gradle.appname=gradlew org.gradle.wrapper.GradleWrapperMain app:installDebug -PreactNativeDevServerPort=8081

Host: AMD Ryzen 5 5600H with Radeon Graphics         , 12 cores, 15G,  Windows 11 , 64 bit Build 22621 (10.0.22621.3672)
Time: Thu Jun 20 19:56:18 2024 SE Asia Standard Time elapsed time: 0.267929 seconds (0d 0h 0m 0s)

---------------  T H R E A D  ---------------

Current thread (0x0000018dc2185ef0):  JavaThread "main" [_thread_in_vm, id=22456, stack(0x0000006799500000,0x0000006799600000)]

Stack: [0x0000006799500000,0x0000006799600000]
Native frames: (J=compiled Java code, j=interpreted, Vv=VM code, C=native code)
V  [jvm.dll+0x6ee21a]
V  [jvm.dll+0x85765e]
V  [jvm.dll+0x85904e]
V  [jvm.dll+0x859703]
V  [jvm.dll+0x28298f]
V  [jvm.dll+0x8532db]
V  [jvm.dll+0x692cb6]
V  [jvm.dll+0x1f2937]
V  [jvm.dll+0x6956f2]
V  [jvm.dll+0x6954de]
V  [jvm.dll+0x6936de]
V  [jvm.dll+0x26f546]
V  [jvm.dll+0x21ea57]
V  [jvm.dll+0x2146a1]
V  [jvm.dll+0x5a9cb6]
V  [jvm.dll+0x7cd5d8]
V  [jvm.dll+0x7cd4fa]
V  [jvm.dll+0x46b2ad]
V  [jvm.dll+0x47d46d]
C  [java.dll+0x1657]

Java frames: (J=compiled Java code, j=interpreted, Vv=VM code)
j  java.lang.ClassLoader.defineClass0(Ljava/lang/ClassLoader;Ljava/lang/Class;Ljava/lang/String;[BIILjava/security/ProtectionDomain;ZILjava/lang/Object;)Ljava/lang/Class;+0 java.base@19.0.2
j  java.lang.System$2.defineClass(Ljava/lang/ClassLoader;Ljava/lang/Class;Ljava/lang/String;[BLjava/security/ProtectionDomain;ZILjava/lang/Object;)Ljava/lang/Class;+17 java.base@19.0.2
j  java.lang.invoke.MethodHandles$Lookup$ClassDefiner.defineClass(ZLjava/lang/Object;)Ljava/lang/Class;+54 java.base@19.0.2
j  java.lang.invoke.InvokerBytecodeGenerator.loadMethod([B)Ljava/lang/invoke/MemberName;+19 java.base@19.0.2
j  java.lang.invoke.InvokerBytecodeGenerator.generateCustomizedCode(Ljava/lang/invoke/LambdaForm;Ljava/lang/invoke/MethodType;)Ljava/lang/invoke/MemberName;+30 java.base@19.0.2
j  java.lang.invoke.LambdaForm.compileToBytecode()V+69 java.base@19.0.2
j  java.lang.invoke.LambdaForm.prepare()V+21 java.base@19.0.2
j  java.lang.invoke.MethodHandle.<init>(Ljava/lang/invoke/MethodType;Ljava/lang/invoke/LambdaForm;)V+33 java.base@19.0.2
j  java.lang.invoke.BoundMethodHandle.<init>(Ljava/lang/invoke/MethodType;Ljava/lang/invoke/LambdaForm;)V+3 java.base@19.0.2
j  java.lang.invoke.BoundMethodHandle$Species_LLL.<init>(Ljava/lang/invoke/MethodType;Ljava/lang/invoke/LambdaForm;Ljava/lang/Object;Ljava/lang/Object;Ljava/lang/Object;)V+3 java.base@19.0.2
j  java.lang.invoke.BoundMethodHandle$Species_LLL.make(Ljava/lang/invoke/MethodType;Ljava/lang/invoke/LambdaForm;Ljava/lang/Object;Ljava/lang/Object;Ljava/lang/Object;)Ljava/lang/invoke/BoundMethodHandle;+10 java.base@19.0.2
j  java.lang.invoke.DirectMethodHandle$Holder.invokeStatic(Ljava/lang/Object;Ljava/lang/Object;Ljava/lang/Object;Ljava/lang/Object;Ljava/lang/Object;Ljava/lang/Object;)Ljava/lang/Object;+18 java.base@19.0.2
j  java.lang.invoke.BoundMethodHandle$Species_LLL.copyWith(Ljava/lang/invoke/MethodType;Ljava/lang/invoke/LambdaForm;)Ljava/lang/invoke/BoundMethodHandle;+21 java.base@19.0.2
j  java.lang.invoke.MethodHandleImpl.makePairwiseConvertByEditor(Ljava/lang/invoke/MethodHandle;Ljava/lang/invoke/MethodType;ZZ)Ljava/lang/invoke/MethodHandle;+564 java.base@19.0.2
j  java.lang.invoke.MethodHandleImpl.makePairwiseConvert(Ljava/lang/invoke/MethodHandle;Ljava/lang/invoke/MethodType;ZZ)Ljava/lang/invoke/MethodHandle;+18 java.base@19.0.2
j  java.lang.invoke.MethodHandleImpl.makePairwiseConvert(Ljava/lang/invoke/MethodHandle;Ljava/lang/invoke/MethodType;Z)Ljava/lang/invoke/MethodHandle;+4 java.base@19.0.2
j  java.lang.invoke.MethodHandle.asTypeUncached(Ljava/lang/invoke/MethodType;)Ljava/lang/invoke/MethodHandle;+50 java.base@19.0.2
j  java.lang.invoke.MethodHandle.asType(Ljava/lang/invoke/MethodType;)Ljava/lang/invoke/MethodHandle;+25 java.base@19.0.2
j  jdk.internal.reflect.MethodHandleAccessorFactory.makeSpecializedTarget(Ljava/lang/invoke/MethodHandle;ZZ)Ljava/lang/invoke/MethodHandle;+93 java.base@19.0.2
j  jdk.internal.reflect.MethodHandleAccessorFactory.getDirectMethod(Ljava/lang/reflect/Method;Z)Ljava/lang/invoke/MethodHandle;+79 java.base@19.0.2
j  jdk.internal.reflect.MethodHandleAccessorFactory.newMethodAccessor(Ljava/lang/reflect/Method;Z)Ljdk/internal/reflect/MethodAccessorImpl;+41 java.base@19.0.2
j  jdk.internal.reflect.ReflectionFactory.newMethodAccessor(Ljava/lang/reflect/Method;Z)Ljdk/internal/reflect/MethodAccessor;+28 java.base@19.0.2
j  java.lang.reflect.Method.acquireMethodAccessor()Ljdk/internal/reflect/MethodAccessor;+38 java.base@19.0.2
j  java.lang.reflect.Method.invoke(Ljava/lang/Object;[Ljava/lang/Object;)Ljava/lang/Object;+75 java.base@19.0.2
j  org.gradle.launcher.bootstrap.ProcessBootstrap.runNoExit(Ljava/lang/String;[Ljava/lang/String;)V+155
j  org.gradle.launcher.bootstrap.ProcessBootstrap.run(Ljava/lang/String;[Ljava/lang/String;)V+2
j  java.lang.invoke.LambdaForm$DMH+0x0000000801008400.invokeStatic(Ljava/lang/Object;Ljava/lang/Object;Ljava/lang/Object;)V+11 java.base@19.0.2
j  java.lang.invoke.LambdaForm$MH+0x0000000801009c00.invoke(Ljava/lang/Object;Ljava/lang/Object;Ljava/lang/Object;Ljava/lang/Object;)Ljava/lang/Object;+54 java.base@19.0.2
j  java.lang.invoke.LambdaForm$MH+0x000000080100a000.invokeExact_MT(Ljava/lang/Object;Ljava/lang/Object;Ljava/lang/Object;Ljava/lang/Object;Ljava/lang/Object;)Ljava/lang/Object;+22 java.base@19.0.2
j  jdk.internal.reflect.DirectMethodHandleAccessor.invokeImpl(Ljava/lang/Object;[Ljava/lang/Object;)Ljava/lang/Object;+72 java.base@19.0.2
j  jdk.internal.reflect.DirectMethodHandleAccessor.invoke(Ljava/lang/Object;[Ljava/lang/Object;)Ljava/lang/Object;+23 java.base@19.0.2
j  java.lang.reflect.Method.invoke(Ljava/lang/Object;[Ljava/lang/Object;)Ljava/lang/Object;+102 java.base@19.0.2
j  org.gradle.launcher.GradleMain.main([Ljava/lang/String;)V+100
j  java.lang.invoke.LambdaForm$DMH+0x0000000801004400.invokeStatic(Ljava/lang/Object;Ljava/lang/Object;)V+10 java.base@19.0.2
j  java.lang.invoke.LambdaForm$MH+0x0000000801008000.invoke(Ljava/lang/Object;Ljava/lang/Object;Ljava/lang/Object;)Ljava/lang/Object;+33 java.base@19.0.2
j  java.lang.invoke.Invokers$Holder.invokeExact_MT(Ljava/lang/Object;Ljava/lang/Object;Ljava/lang/Object;Ljava/lang/Object;)Ljava/lang/Object;+20 java.base@19.0.2
j  jdk.internal.reflect.DirectMethodHandleAccessor.invokeImpl(Ljava/lang/Object;[Ljava/lang/Object;)Ljava/lang/Object;+55 java.base@19.0.2
j  jdk.internal.reflect.DirectMethodHandleAccessor.invoke(Ljava/lang/Object;[Ljava/lang/Object;)Ljava/lang/Object;+23 java.base@19.0.2
j  java.lang.reflect.Method.invoke(Ljava/lang/Object;[Ljava/lang/Object;)Ljava/lang/Object;+102 java.base@19.0.2
j  org.gradle.wrapper.BootstrapMainStarter.start([Ljava/lang/String;Ljava/io/File;)V+105
j  org.gradle.wrapper.WrapperExecutor.execute([Ljava/lang/String;Lorg/gradle/wrapper/Install;Lorg/gradle/wrapper/BootstrapMainStarter;)V+14
j  org.gradle.wrapper.GradleWrapperMain.main([Ljava/lang/String;)V+206
v  ~StubRoutines::call_stub 0x0000018dd161100e

---------------  P R O C E S S  ---------------

Threads class SMR info:
_java_thread_list=0x0000018de09edd20, length=13, elements={
0x0000018dc2185ef0, 0x0000018ddc423d70, 0x0000018ddc425170, 0x0000018ddc42c500,
0x0000018ddc42ef40, 0x0000018ddc42f870, 0x0000018ddc4301a0, 0x0000018ddc443b70,
0x0000018ddc4448f0, 0x0000018ddc447270, 0x0000018de08a3d60, 0x0000018de08a8f40,
0x0000018de0be5410
}

Java Threads: ( => current thread )
=>0x0000018dc2185ef0 JavaThread "main" [_thread_in_vm, id=22456, stack(0x0000006799500000,0x0000006799600000)]
  0x0000018ddc423d70 JavaThread "Reference Handler" daemon [_thread_blocked, id=21752, stack(0x0000006799c00000,0x0000006799d00000)]
  0x0000018ddc425170 JavaThread "Finalizer" daemon [_thread_blocked, id=15556, stack(0x0000006799d00000,0x0000006799e00000)]
  0x0000018ddc42c500 JavaThread "Signal Dispatcher" daemon [_thread_blocked, id=10560, stack(0x0000006799e00000,0x0000006799f00000)]
  0x0000018ddc42ef40 JavaThread "Attach Listener" daemon [_thread_blocked, id=12600, stack(0x0000006799f00000,0x000000679a000000)]
  0x0000018ddc42f870 JavaThread "Service Thread" daemon [_thread_blocked, id=13000, stack(0x000000679a000000,0x000000679a100000)]
  0x0000018ddc4301a0 JavaThread "Monitor Deflation Thread" daemon [_thread_blocked, id=17980, stack(0x000000679a100000,0x000000679a200000)]
  0x0000018ddc443b70 JavaThread "C2 CompilerThread0" daemon [_thread_blocked, id=24220, stack(0x000000679a200000,0x000000679a300000)]
  0x0000018ddc4448f0 JavaThread "C1 CompilerThread0" daemon [_thread_blocked, id=21708, stack(0x000000679a300000,0x000000679a400000)]
  0x0000018ddc447270 JavaThread "Sweeper thread" daemon [_thread_blocked, id=16632, stack(0x000000679a400000,0x000000679a500000)]
  0x0000018de08a3d60 JavaThread "Notification Thread" daemon [_thread_blocked, id=10292, stack(0x000000679a500000,0x000000679a600000)]
  0x0000018de08a8f40 JavaThread "Common-Cleaner" daemon [_thread_blocked, id=1312, stack(0x000000679a700000,0x000000679a800000)]
  0x0000018de0be5410 JavaThread "C2 CompilerThread1" daemon [_thread_blocked, id=22812, stack(0x000000679a800000,0x000000679a900000)]

Other Threads:
  0x0000018ddc40be30 VMThread "VM Thread" [stack: 0x0000006799b00000,0x0000006799c00000] [id=10752]
  0x0000018de08a8ae0 WatcherThread "VM Periodic Task Thread" [stack: 0x000000679a600000,0x000000679a700000] [id=7716]
  0x0000018dc21ab1a0 WorkerThread "GC Thread#0" [stack: 0x0000006799600000,0x0000006799700000] [id=22660]
  0x0000018dc21ac900 ConcurrentGCThread "G1 Main Marker" [stack: 0x0000006799700000,0x0000006799800000] [id=23860]
  0x0000018dc21ad4d0 WorkerThread "G1 Conc#0" [stack: 0x0000006799800000,0x0000006799900000] [id=1820]
  0x0000018dc223bd60 ConcurrentGCThread "G1 Refine#0" [stack: 0x0000006799900000,0x0000006799a00000] [id=6048]
  0x0000018dc223c8a0 ConcurrentGCThread "G1 Service" [stack: 0x0000006799a00000,0x0000006799b00000] [id=21676]

Threads with active compile tasks:

VM state: not at safepoint (normal execution)

VM Mutex/Monitor currently owned by a thread:  ([mutex/lock_event])
[0x0000018dc217fa50] Metaspace_lock - owner thread: 0x0000018dc2185ef0

Heap address: 0x00000000fc000000, size: 64 MB, Compressed Oops mode: 32-bit

CDS archive(s) mapped at: [0x0000000800000000-0x0000000800c40000-0x0000000800c40000), size 12845056, SharedBaseAddress: 0x0000000800000000, ArchiveRelocationMode: 0.
Compressed class space mapped at: 0x0000000801000000-0x0000000841000000, reserved size: 1073741824
Narrow klass base: 0x0000000800000000, Narrow klass shift: 0, Narrow klass range: 0x100000000

GC Precious Log:
 CardTable entry size: 512
 Card Set container configuration: InlinePtr #cards 5 size 8 Array Of Cards #cards 12 size 40 Howl #buckets 4 coarsen threshold 1843 Howl Bitmap #cards 512 size 80 coarsen threshold 460 Card regions per heap region 1 cards per card region 2048
 CPUs: 12 total, 12 available
 Memory: 15752M
 Large Page Support: Disabled
 NUMA Support: Disabled
 Compressed Oops: Enabled (32-bit)
 Heap Region Size: 1M
 Heap Min Capacity: 64M
 Heap Initial Capacity: 64M
 Heap Max Capacity: 64M
 Pre-touch: Disabled
 Parallel Workers: 10
 Concurrent Workers: 3
 Concurrent Refinement Workers: 10
 Periodic GC: Disabled

Heap:
 garbage-first heap   total 65536K, used 13312K [0x00000000fc000000, 0x0000000100000000)
  region size 1024K, 15 young (15360K), 0 survivors (0K)
 Metaspace       used 1900K, committed 2048K, reserved 1114112K
  class space    used 169K, committed 256K, reserved 1048576K

Heap Regions: E=young(eden), S=young(survivor), O=old, HS=humongous(starts), HC=humongous(continues), CS=collection set, F=free, OA=open archive, CA=closed archive, TAMS=top-at-mark-start (previous, next)
|   0|0x00000000fc000000, 0x00000000fc000000, 0x00000000fc100000|  0%| F|  |TAMS 0x00000000fc000000, 0x00000000fc000000| Untracked 
|   1|0x00000000fc100000, 0x00000000fc100000, 0x00000000fc200000|  0%| F|  |TAMS 0x00000000fc100000, 0x00000000fc100000| Untracked 
|   2|0x00000000fc200000, 0x00000000fc200000, 0x00000000fc300000|  0%| F|  |TAMS 0x00000000fc200000, 0x00000000fc200000| Untracked 
|   3|0x00000000fc300000, 0x00000000fc300000, 0x00000000fc400000|  0%| F|  |TAMS 0x00000000fc300000, 0x00000000fc300000| Untracked 
|   4|0x00000000fc400000, 0x00000000fc400000, 0x00000000fc500000|  0%| F|  |TAMS 0x00000000fc400000, 0x00000000fc400000| Untracked 
|   5|0x00000000fc500000, 0x00000000fc500000, 0x00000000fc600000|  0%| F|  |TAMS 0x00000000fc500000, 0x00000000fc500000| Untracked 
|   6|0x00000000fc600000, 0x00000000fc600000, 0x00000000fc700000|  0%| F|  |TAMS 0x00000000fc600000, 0x00000000fc600000| Untracked 
|   7|0x00000000fc700000, 0x00000000fc700000, 0x00000000fc800000|  0%| F|  |TAMS 0x00000000fc700000, 0x00000000fc700000| Untracked 
|   8|0x00000000fc800000, 0x00000000fc800000, 0x00000000fc900000|  0%| F|  |TAMS 0x00000000fc800000, 0x00000000fc800000| Untracked 
|   9|0x00000000fc900000, 0x00000000fc900000, 0x00000000fca00000|  0%| F|  |TAMS 0x00000000fc900000, 0x00000000fc900000| Untracked 
|  10|0x00000000fca00000, 0x00000000fca00000, 0x00000000fcb00000|  0%| F|  |TAMS 0x00000000fca00000, 0x00000000fca00000| Untracked 
|  11|0x00000000fcb00000, 0x00000000fcb00000, 0x00000000fcc00000|  0%| F|  |TAMS 0x00000000fcb00000, 0x00000000fcb00000| Untracked 
|  12|0x00000000fcc00000, 0x00000000fcc00000, 0x00000000fcd00000|  0%| F|  |TAMS 0x00000000fcc00000, 0x00000000fcc00000| Untracked 
|  13|0x00000000fcd00000, 0x00000000fcd00000, 0x00000000fce00000|  0%| F|  |TAMS 0x00000000fcd00000, 0x00000000fcd00000| Untracked 
|  14|0x00000000fce00000, 0x00000000fce00000, 0x00000000fcf00000|  0%| F|  |TAMS 0x00000000fce00000, 0x00000000fce00000| Untracked 
|  15|0x00000000fcf00000, 0x00000000fcf00000, 0x00000000fd000000|  0%| F|  |TAMS 0x00000000fcf00000, 0x00000000fcf00000| Untracked 
|  16|0x00000000fd000000, 0x00000000fd000000, 0x00000000fd100000|  0%| F|  |TAMS 0x00000000fd000000, 0x00000000fd000000| Untracked 
|  17|0x00000000fd100000, 0x00000000fd100000, 0x00000000fd200000|  0%| F|  |TAMS 0x00000000fd100000, 0x00000000fd100000| Untracked 
|  18|0x00000000fd200000, 0x00000000fd200000, 0x00000000fd300000|  0%| F|  |TAMS 0x00000000fd200000, 0x00000000fd200000| Untracked 
|  19|0x00000000fd300000, 0x00000000fd300000, 0x00000000fd400000|  0%| F|  |TAMS 0x00000000fd300000, 0x00000000fd300000| Untracked 
|  20|0x00000000fd400000, 0x00000000fd400000, 0x00000000fd500000|  0%| F|  |TAMS 0x00000000fd400000, 0x00000000fd400000| Untracked 
|  21|0x00000000fd500000, 0x00000000fd500000, 0x00000000fd600000|  0%| F|  |TAMS 0x00000000fd500000, 0x00000000fd500000| Untracked 
|  22|0x00000000fd600000, 0x00000000fd600000, 0x00000000fd700000|  0%| F|  |TAMS 0x00000000fd600000, 0x00000000fd600000| Untracked 
|  23|0x00000000fd700000, 0x00000000fd700000, 0x00000000fd800000|  0%| F|  |TAMS 0x00000000fd700000, 0x00000000fd700000| Untracked 
|  24|0x00000000fd800000, 0x00000000fd800000, 0x00000000fd900000|  0%| F|  |TAMS 0x00000000fd800000, 0x00000000fd800000| Untracked 
|  25|0x00000000fd900000, 0x00000000fd900000, 0x00000000fda00000|  0%| F|  |TAMS 0x00000000fd900000, 0x00000000fd900000| Untracked 
|  26|0x00000000fda00000, 0x00000000fda00000, 0x00000000fdb00000|  0%| F|  |TAMS 0x00000000fda00000, 0x00000000fda00000| Untracked 
|  27|0x00000000fdb00000, 0x00000000fdb00000, 0x00000000fdc00000|  0%| F|  |TAMS 0x00000000fdb00000, 0x00000000fdb00000| Untracked 
|  28|0x00000000fdc00000, 0x00000000fdc00000, 0x00000000fdd00000|  0%| F|  |TAMS 0x00000000fdc00000, 0x00000000fdc00000| Untracked 
|  29|0x00000000fdd00000, 0x00000000fdd00000, 0x00000000fde00000|  0%| F|  |TAMS 0x00000000fdd00000, 0x00000000fdd00000| Untracked 
|  30|0x00000000fde00000, 0x00000000fde00000, 0x00000000fdf00000|  0%| F|  |TAMS 0x00000000fde00000, 0x00000000fde00000| Untracked 
|  31|0x00000000fdf00000, 0x00000000fdf00000, 0x00000000fe000000|  0%| F|  |TAMS 0x00000000fdf00000, 0x00000000fdf00000| Untracked 
|  32|0x00000000fe000000, 0x00000000fe000000, 0x00000000fe100000|  0%| F|  |TAMS 0x00000000fe000000, 0x00000000fe000000| Untracked 
|  33|0x00000000fe100000, 0x00000000fe100000, 0x00000000fe200000|  0%| F|  |TAMS 0x00000000fe100000, 0x00000000fe100000| Untracked 
|  34|0x00000000fe200000, 0x00000000fe200000, 0x00000000fe300000|  0%| F|  |TAMS 0x00000000fe200000, 0x00000000fe200000| Untracked 
|  35|0x00000000fe300000, 0x00000000fe300000, 0x00000000fe400000|  0%| F|  |TAMS 0x00000000fe300000, 0x00000000fe300000| Untracked 
|  36|0x00000000fe400000, 0x00000000fe400000, 0x00000000fe500000|  0%| F|  |TAMS 0x00000000fe400000, 0x00000000fe400000| Untracked 
|  37|0x00000000fe500000, 0x00000000fe500000, 0x00000000fe600000|  0%| F|  |TAMS 0x00000000fe500000, 0x00000000fe500000| Untracked 
|  38|0x00000000fe600000, 0x00000000fe600000, 0x00000000fe700000|  0%| F|  |TAMS 0x00000000fe600000, 0x00000000fe600000| Untracked 
|  39|0x00000000fe700000, 0x00000000fe700000, 0x00000000fe800000|  0%| F|  |TAMS 0x00000000fe700000, 0x00000000fe700000| Untracked 
|  40|0x00000000fe800000, 0x00000000fe800000, 0x00000000fe900000|  0%| F|  |TAMS 0x00000000fe800000, 0x00000000fe800000| Untracked 
|  41|0x00000000fe900000, 0x00000000fe900000, 0x00000000fea00000|  0%| F|  |TAMS 0x00000000fe900000, 0x00000000fe900000| Untracked 
|  42|0x00000000fea00000, 0x00000000fea00000, 0x00000000feb00000|  0%| F|  |TAMS 0x00000000fea00000, 0x00000000fea00000| Untracked 
|  43|0x00000000feb00000, 0x00000000feb00000, 0x00000000fec00000|  0%| F|  |TAMS 0x00000000feb00000, 0x00000000feb00000| Untracked 
|  44|0x00000000fec00000, 0x00000000fec00000, 0x00000000fed00000|  0%| F|  |TAMS 0x00000000fec00000, 0x00000000fec00000| Untracked 
|  45|0x00000000fed00000, 0x00000000fed00000, 0x00000000fee00000|  0%| F|  |TAMS 0x00000000fed00000, 0x00000000fed00000| Untracked 
|  46|0x00000000fee00000, 0x00000000fee00000, 0x00000000fef00000|  0%| F|  |TAMS 0x00000000fee00000, 0x00000000fee00000| Untracked 
|  47|0x00000000fef00000, 0x00000000fef00000, 0x00000000ff000000|  0%| F|  |TAMS 0x00000000fef00000, 0x00000000fef00000| Untracked 
|  48|0x00000000ff000000, 0x00000000ff000000, 0x00000000ff100000|  0%| F|  |TAMS 0x00000000ff000000, 0x00000000ff000000| Untracked 
|  49|0x00000000ff100000, 0x00000000ff1ec138, 0x00000000ff200000| 92%| E|  |TAMS 0x00000000ff100000, 0x00000000ff100000| Complete 
|  50|0x00000000ff200000, 0x00000000ff300000, 0x00000000ff300000|100%| E|CS|TAMS 0x00000000ff200000, 0x00000000ff200000| Complete 
|  51|0x00000000ff300000, 0x00000000ff400000, 0x00000000ff400000|100%| E|  |TAMS 0x00000000ff300000, 0x00000000ff300000| Complete 
|  52|0x00000000ff400000, 0x00000000ff500000, 0x00000000ff500000|100%| E|CS|TAMS 0x00000000ff400000, 0x00000000ff400000| Complete 
|  53|0x00000000ff500000, 0x00000000ff600000, 0x00000000ff600000|100%| E|CS|TAMS 0x00000000ff500000, 0x00000000ff500000| Complete 
|  54|0x00000000ff600000, 0x00000000ff700000, 0x00000000ff700000|100%| E|CS|TAMS 0x00000000ff600000, 0x00000000ff600000| Complete 
|  55|0x00000000ff700000, 0x00000000ff800000, 0x00000000ff800000|100%| E|CS|TAMS 0x00000000ff700000, 0x00000000ff700000| Complete 
|  56|0x00000000ff800000, 0x00000000ff900000, 0x00000000ff900000|100%| E|CS|TAMS 0x00000000ff800000, 0x00000000ff800000| Complete 
|  57|0x00000000ff900000, 0x00000000ffa00000, 0x00000000ffa00000|100%| E|CS|TAMS 0x00000000ff900000, 0x00000000ff900000| Complete 
|  58|0x00000000ffa00000, 0x00000000ffb00000, 0x00000000ffb00000|100%| E|CS|TAMS 0x00000000ffa00000, 0x00000000ffa00000| Complete 
|  59|0x00000000ffb00000, 0x00000000ffc00000, 0x00000000ffc00000|100%| E|CS|TAMS 0x00000000ffb00000, 0x00000000ffb00000| Complete 
|  60|0x00000000ffc00000, 0x00000000ffd00000, 0x00000000ffd00000|100%| E|CS|TAMS 0x00000000ffc00000, 0x00000000ffc00000| Complete 
|  61|0x00000000ffd00000, 0x00000000ffe00000, 0x00000000ffe00000|100%| E|CS|TAMS 0x00000000ffd00000, 0x00000000ffd00000| Complete 
|  62|0x00000000ffe00000, 0x00000000fff00000, 0x00000000fff00000|100%| E|CS|TAMS 0x00000000ffe00000, 0x00000000ffe00000| Complete 
|  63|0x00000000fff00000, 0x0000000100000000, 0x0000000100000000|100%| E|CS|TAMS 0x00000000fff00000, 0x00000000fff00000| Complete 

Card table byte_map: [0x0000018dc2070000,0x0000018dc2090000] _byte_map_base: 0x0000018dc1890000

Marking Bits (Prev, Next): (CMBitMap*) 0x0000018dc21ab7d0, (CMBitMap*) 0x0000018dc21ab810
 Prev Bits: [0x0000018dd9630000, 0x0000018dd9730000)
 Next Bits: [0x0000018dd9730000, 0x0000018dd9830000)

Polling page: 0x0000018dbff00000

Metaspace:

Usage:
  Non-class:      1.69 MB used.
      Class:    169.22 KB used.
       Both:      1.86 MB used.

Virtual space:
  Non-class space:       64.00 MB reserved,       1.75 MB (  3%) committed,  1 nodes.
      Class space:        1.00 GB reserved,     256.00 KB ( <1%) committed,  1 nodes.
             Both:        1.06 GB reserved,       2.00 MB ( <1%) committed. 

Chunk freelists:
   Non-Class:  3.62 MB
       Class:  3.66 MB
        Both:  7.29 MB

MaxMetaspaceSize: unlimited
CompressedClassSpaceSize: 1.00 GB
Initial GC threshold: 21.00 MB
Current GC threshold: 21.00 MB
CDS: on
MetaspaceReclaimPolicy: balanced
 - commit_granule_bytes: 65536.
 - commit_granule_words: 8192.
 - virtual_space_node_default_size: 8388608.
 - enlarge_chunks_in_place: 1.
 - new_chunks_are_fully_committed: 0.
 - uncommit_free_chunks: 1.
 - use_allocation_guard: 0.


Internal statistics:

num_allocs_failed_limit: 0.
num_arena_births: 44.
num_arena_deaths: 0.
num_vsnodes_births: 2.
num_vsnodes_deaths: 0.
num_space_committed: 32.
num_space_uncommitted: 0.
num_chunks_returned_to_freelist: 0.
num_chunks_taken_from_freelist: 79.
num_chunk_merges: 0.
num_chunk_splits: 43.
num_chunks_enlarged: 29.
num_inconsistent_stats: 0.

CodeHeap 'non-profiled nmethods': size=120000Kb used=213Kb max_used=213Kb free=119786Kb
 bounds [0x0000018dd1bb0000, 0x0000018dd1e20000, 0x0000018dd90e0000]
CodeHeap 'profiled nmethods': size=120000Kb used=1010Kb max_used=1010Kb free=118989Kb
 bounds [0x0000018dca0e0000, 0x0000018dca350000, 0x0000018dd1610000]
CodeHeap 'non-nmethods': size=5760Kb used=1213Kb max_used=1243Kb free=4546Kb
 bounds [0x0000018dd1610000, 0x0000018dd1880000, 0x0000018dd1bb0000]
 total_blobs=1012 nmethods=597 adapters=326
 compilation: enabled
              stopped_count=0, restarted_count=0
 full_count=0

Compilation events (20 events):
Event: 0.263 Thread 0x0000018ddc4448f0 nmethod 582 0x0000018dca1c9490 code [0x0000018dca1c9640, 0x0000018dca1c9878]
Event: 0.263 Thread 0x0000018ddc4448f0  583       3       sun.nio.fs.WindowsPathParser::normalize (233 bytes)
Event: 0.264 Thread 0x0000018ddc4448f0 nmethod 583 0x0000018dca1c9990 code [0x0000018dca1c9f20, 0x0000018dca1ccb08]
Event: 0.264 Thread 0x0000018ddc4448f0  584       3       java.util.jar.JarFile::match (132 bytes)
Event: 0.264 Thread 0x0000018ddc4448f0 nmethod 584 0x0000018dca1cdd10 code [0x0000018dca1cdf00, 0x0000018dca1ce478]
Event: 0.264 Thread 0x0000018ddc4448f0  585       3       java.util.zip.ZipCoder::hash (36 bytes)
Event: 0.264 Thread 0x0000018ddc4448f0 nmethod 585 0x0000018dca1ce790 code [0x0000018dca1ce9a0, 0x0000018dca1cf0e8]
Event: 0.265 Thread 0x0000018ddc4448f0  586       1       sun.nio.fs.WindowsPathParser$Result::type (5 bytes)
Event: 0.265 Thread 0x0000018ddc4448f0 nmethod 586 0x0000018dd1be4510 code [0x0000018dd1be46a0, 0x0000018dd1be4758]
Event: 0.265 Thread 0x0000018ddc4448f0  587       1       sun.nio.fs.WindowsPathParser$Result::root (5 bytes)
Event: 0.265 Thread 0x0000018ddc4448f0 nmethod 587 0x0000018dd1be4810 code [0x0000018dd1be49a0, 0x0000018dd1be4a58]
Event: 0.265 Thread 0x0000018ddc4448f0  588       1       sun.nio.fs.WindowsPathParser$Result::path (5 bytes)
Event: 0.265 Thread 0x0000018ddc4448f0 nmethod 588 0x0000018dd1be4b10 code [0x0000018dd1be4ca0, 0x0000018dd1be4d58]
Event: 0.265 Thread 0x0000018ddc4448f0  589       1       java.lang.Class::getModule (5 bytes)
Event: 0.265 Thread 0x0000018ddc4448f0 nmethod 589 0x0000018dd1be4e10 code [0x0000018dd1be4fa0, 0x0000018dd1be5058]
Event: 0.265 Thread 0x0000018ddc4448f0  591       3       sun.invoke.util.VerifyAccess::isTypeVisible (118 bytes)
Event: 0.266 Thread 0x0000018ddc4448f0 nmethod 591 0x0000018dca1cf410 code [0x0000018dca1cf720, 0x0000018dca1d0718]
Event: 0.266 Thread 0x0000018ddc4448f0  593       3       java.lang.invoke.LambdaForm$BasicType::basicType (187 bytes)
Event: 0.266 Thread 0x0000018ddc4448f0 nmethod 593 0x0000018dca1d0c10 code [0x0000018dca1d0ea0, 0x0000018dca1d1958]
Event: 0.266 Thread 0x0000018ddc4448f0  594       3       jdk.internal.org.objectweb.asm.Frame::execute (2305 bytes)

GC Heap History (0 events):
No events

Dll operation events (6 events):
Event: 0.006 Loaded shared library C:\Program Files\Java\jdk-19\bin\java.dll
Event: 0.015 Loaded shared library C:\Program Files\Java\jdk-19\bin\jsvml.dll
Event: 0.042 Loaded shared library C:\Program Files\Java\jdk-19\bin\net.dll
Event: 0.043 Loaded shared library C:\Program Files\Java\jdk-19\bin\nio.dll
Event: 0.047 Loaded shared library C:\Program Files\Java\jdk-19\bin\zip.dll
Event: 0.236 Loaded shared library C:\Program Files\Java\jdk-19\bin\jimage.dll

Deoptimization events (20 events):
Event: 0.168 Thread 0x0000018dc2185ef0 DEOPT PACKING pc=0x0000018dca109b7e sp=0x00000067995fe5f0
Event: 0.168 Thread 0x0000018dc2185ef0 DEOPT UNPACKING pc=0x0000018dd1677543 sp=0x00000067995fda60 mode 0
Event: 0.170 Thread 0x0000018dc2185ef0 DEOPT PACKING pc=0x0000018dca1499be sp=0x00000067995fe5f0
Event: 0.170 Thread 0x0000018dc2185ef0 DEOPT UNPACKING pc=0x0000018dd1677543 sp=0x00000067995fda68 mode 0
Event: 0.170 Thread 0x0000018dc2185ef0 DEOPT PACKING pc=0x0000018dca1499be sp=0x00000067995fe5f0
Event: 0.170 Thread 0x0000018dc2185ef0 DEOPT UNPACKING pc=0x0000018dd1677543 sp=0x00000067995fda68 mode 0
Event: 0.170 Thread 0x0000018dc2185ef0 DEOPT PACKING pc=0x0000018dca1499be sp=0x00000067995fe220
Event: 0.170 Thread 0x0000018dc2185ef0 DEOPT UNPACKING pc=0x0000018dd1677543 sp=0x00000067995fd6c0 mode 0
Event: 0.190 Thread 0x0000018dc2185ef0 DEOPT PACKING pc=0x0000018dca13a792 sp=0x00000067995fe460
Event: 0.190 Thread 0x0000018dc2185ef0 DEOPT UNPACKING pc=0x0000018dd1677543 sp=0x00000067995fd920 mode 0
Event: 0.194 Thread 0x0000018dc2185ef0 DEOPT PACKING pc=0x0000018dca13a792 sp=0x00000067995fe830
Event: 0.194 Thread 0x0000018dc2185ef0 DEOPT UNPACKING pc=0x0000018dd1677543 sp=0x00000067995fdcf0 mode 0
Event: 0.247 Thread 0x0000018dc2185ef0 Uncommon trap: trap_request=0xffffff45 fr.pc=0x0000018dd1bd2054 relative=0x0000000000000714
Event: 0.247 Thread 0x0000018dc2185ef0 Uncommon trap: reason=unstable_if action=reinterpret pc=0x0000018dd1bd2054 method=java.util.zip.ZipFile$Source.checkAndAddEntry(II)I @ 50 c2
Event: 0.247 Thread 0x0000018dc2185ef0 DEOPT PACKING pc=0x0000018dd1bd2054 sp=0x00000067995fe000
Event: 0.247 Thread 0x0000018dc2185ef0 DEOPT UNPACKING pc=0x0000018dd1676da3 sp=0x00000067995fdf70 mode 2
Event: 0.251 Thread 0x0000018dc2185ef0 Uncommon trap: trap_request=0xffffff45 fr.pc=0x0000018dd1bd3014 relative=0x0000000000000174
Event: 0.251 Thread 0x0000018dc2185ef0 Uncommon trap: reason=unstable_if action=reinterpret pc=0x0000018dd1bd3014 method=java.util.zip.ZipFile$Source.isMetaName([BII)Z @ 43 c2
Event: 0.251 Thread 0x0000018dc2185ef0 DEOPT PACKING pc=0x0000018dd1bd3014 sp=0x00000067995f9f50
Event: 0.251 Thread 0x0000018dc2185ef0 DEOPT UNPACKING pc=0x0000018dd1676da3 sp=0x00000067995f9ef8 mode 2

Classes loaded (20 events):
Event: 0.120 Loading class jdk/internal/misc/ThreadTracker$ThreadRef
Event: 0.120 Loading class jdk/internal/misc/ThreadTracker$ThreadRef done
Event: 0.120 Loading class sun/security/util/ManifestEntryVerifier
Event: 0.120 Loading class sun/security/util/ManifestEntryVerifier done
Event: 0.137 Loading class java/net/MalformedURLException
Event: 0.137 Loading class java/net/MalformedURLException done
Event: 0.138 Loading class java/io/FileFilter
Event: 0.138 Loading class java/io/FileFilter done
Event: 0.149 Loading class java/lang/IndexOutOfBoundsException
Event: 0.149 Loading class java/lang/IndexOutOfBoundsException done
Event: 0.150 Loading class java/util/AbstractList$Itr
Event: 0.150 Loading class java/util/AbstractList$Itr done
Event: 0.162 Loading class java/lang/invoke/DirectMethodHandle$Special
Event: 0.163 Loading class java/lang/invoke/DirectMethodHandle$Special done
Event: 0.246 Loading class java/lang/Thread$Constants$1
Event: 0.246 Loading class java/lang/Thread$Constants$1 done
Event: 0.246 Loading class java/lang/Thread$Constants$2
Event: 0.246 Loading class java/lang/Thread$Constants$2 done
Event: 0.246 Loading class java/lang/Thread$Constants$2$1
Event: 0.246 Loading class java/lang/Thread$Constants$2$1 done

Classes unloaded (0 events):
No events

Classes redefined (0 events):
No events

Internal exceptions (5 events):
Event: 0.117 Thread 0x0000018dc2185ef0 Exception <a 'java/lang/NoSuchMethodError'{0x00000000ffc1f840}: 'void java.lang.invoke.DirectMethodHandle$Holder.invokeStatic(java.lang.Object, java.lang.Object)'> (0x00000000ffc1f840) 
thrown [s\open\src\hotspot\share\interpreter\linkResolver.cpp, line 774]
Event: 0.118 Thread 0x0000018dc2185ef0 Exception <a 'java/lang/NoSuchMethodError'{0x00000000ffc23678}: 'void java.lang.invoke.DirectMethodHandle$Holder.invokeSpecial(java.lang.Object, java.lang.Object, java.lang.Object)'> (0x00000000ffc23678) 
thrown [s\open\src\hotspot\share\interpreter\linkResolver.cpp, line 774]
Event: 0.127 Thread 0x0000018dc2185ef0 Exception <a 'java/lang/NoSuchMethodError'{0x00000000ffcf18e0}: 'void java.lang.invoke.DirectMethodHandle$Holder.invokeStatic(java.lang.Object, java.lang.Object, java.lang.Object)'> (0x00000000ffcf18e0) 
thrown [s\open\src\hotspot\share\interpreter\linkResolver.cpp, line 774]
Event: 0.130 Thread 0x0000018dc2185ef0 Exception <a 'java/lang/NoSuchMethodError'{0x00000000ffb494d0}: 'java.lang.Object java.lang.invoke.Invokers$Holder.invokeExact_MT(java.lang.Object, java.lang.Object, java.lang.Object, java.lang.Object, java.lang.Object)'> (0x00000000ffb494d0) 
thrown [s\open\src\hotspot\share\interpreter\linkResolver.cpp, line 774]
Event: 0.135 Thread 0x0000018dc2185ef0 Exception <a 'java/lang/NoSuchMethodError'{0x00000000ffb77530}: 'int java.lang.invoke.DirectMethodHandle$Holder.invokeStaticInit(java.lang.Object, java.lang.Object)'> (0x00000000ffb77530) 
thrown [s\open\src\hotspot\share\interpreter\linkResolver.cpp, line 774]

VM Operations (2 events):
Event: 0.047 Executing VM operation: HandshakeAllThreads
Event: 0.047 Executing VM operation: HandshakeAllThreads done

Events (13 events):
Event: 0.015 Thread 0x0000018dc2185ef0 Thread added: 0x0000018dc2185ef0
Event: 0.024 Thread 0x0000018ddc423d70 Thread added: 0x0000018ddc423d70
Event: 0.024 Thread 0x0000018ddc425170 Thread added: 0x0000018ddc425170
Event: 0.024 Thread 0x0000018ddc42c500 Thread added: 0x0000018ddc42c500
Event: 0.024 Thread 0x0000018ddc42ef40 Thread added: 0x0000018ddc42ef40
Event: 0.024 Thread 0x0000018ddc42f870 Thread added: 0x0000018ddc42f870
Event: 0.025 Thread 0x0000018ddc4301a0 Thread added: 0x0000018ddc4301a0
Event: 0.025 Thread 0x0000018ddc443b70 Thread added: 0x0000018ddc443b70
Event: 0.025 Thread 0x0000018ddc4448f0 Thread added: 0x0000018ddc4448f0
Event: 0.025 Thread 0x0000018ddc447270 Thread added: 0x0000018ddc447270
Event: 0.036 Thread 0x0000018de08a3d60 Thread added: 0x0000018de08a3d60
Event: 0.038 Thread 0x0000018de08a8f40 Thread added: 0x0000018de08a8f40
Event: 0.240 Thread 0x0000018de0be5410 Thread added: 0x0000018de0be5410


Dynamic libraries:
0x00007ff6516a0000 - 0x00007ff6516b0000 	C:\Program Files\Java\jdk-19\bin\java.exe
0x00007ff8b0a70000 - 0x00007ff8b0c87000 	C:\WINDOWS\SYSTEM32\ntdll.dll
0x00007ff8b02d0000 - 0x00007ff8b0394000 	C:\WINDOWS\System32\KERNEL32.DLL
0x00007ff8ae2c0000 - 0x00007ff8ae66c000 	C:\WINDOWS\System32\KERNELBASE.dll
0x00007ff8ade20000 - 0x00007ff8adf31000 	C:\WINDOWS\System32\ucrtbase.dll
0x00007ff8a93f0000 - 0x00007ff8a940b000 	C:\Program Files\Java\jdk-19\bin\VCRUNTIME140.dll
0x00007ff8a91b0000 - 0x00007ff8a91c8000 	C:\Program Files\Java\jdk-19\bin\jli.dll
0x00007ff8b0520000 - 0x00007ff8b05d2000 	C:\WINDOWS\System32\ADVAPI32.dll
0x00007ff8af040000 - 0x00007ff8af0e7000 	C:\WINDOWS\System32\msvcrt.dll
0x00007ff8b06e0000 - 0x00007ff8b078a000 	C:\WINDOWS\System32\sechost.dll
0x00007ff8ae1d0000 - 0x00007ff8ae1f8000 	C:\WINDOWS\System32\bcrypt.dll
0x00007ff8b0000000 - 0x00007ff8b0115000 	C:\WINDOWS\System32\RPCRT4.dll
0x00007ff8b0880000 - 0x00007ff8b0a2e000 	C:\WINDOWS\System32\USER32.dll
0x00007ff8934f0000 - 0x00007ff893783000 	C:\WINDOWS\WinSxS\amd64_microsoft.windows.common-controls_6595b64144ccf1df_6.0.22621.3672_none_2713b9d173822955\COMCTL32.dll
0x00007ff8ae780000 - 0x00007ff8ae7a6000 	C:\WINDOWS\System32\win32u.dll
0x00007ff8b07f0000 - 0x00007ff8b0819000 	C:\WINDOWS\System32\GDI32.dll
0x00007ff8adf40000 - 0x00007ff8ae059000 	C:\WINDOWS\System32\gdi32full.dll
0x00007ff8a5170000 - 0x00007ff8a517a000 	C:\WINDOWS\SYSTEM32\VERSION.dll
0x00007ff8ae670000 - 0x00007ff8ae70a000 	C:\WINDOWS\System32\msvcp_win.dll
0x00007ff8af440000 - 0x00007ff8af471000 	C:\WINDOWS\System32\IMM32.DLL
0x00007ff8aafe0000 - 0x00007ff8aafec000 	C:\Program Files\Java\jdk-19\bin\vcruntime140_1.dll
0x00007ff89c9b0000 - 0x00007ff89ca3e000 	C:\Program Files\Java\jdk-19\bin\msvcp140.dll
0x00007ff82c920000 - 0x00007ff82d5e0000 	C:\Program Files\Java\jdk-19\bin\server\jvm.dll
0x00007ff8a9430000 - 0x00007ff8a9439000 	C:\WINDOWS\SYSTEM32\WSOCK32.dll
0x00007ff8a8560000 - 0x00007ff8a8594000 	C:\WINDOWS\SYSTEM32\WINMM.dll
0x00007ff8af0f0000 - 0x00007ff8af161000 	C:\WINDOWS\System32\WS2_32.dll
0x00007ff8acdd0000 - 0x00007ff8acde8000 	C:\WINDOWS\SYSTEM32\kernel.appcore.dll
0x00007ff8a9250000 - 0x00007ff8a925a000 	C:\Program Files\Java\jdk-19\bin\jimage.dll
0x00007ff8a4540000 - 0x00007ff8a4772000 	C:\WINDOWS\SYSTEM32\DBGHELP.DLL
0x00007ff8afbf0000 - 0x00007ff8aff78000 	C:\WINDOWS\System32\combase.dll
0x00007ff8af5e0000 - 0x00007ff8af6b7000 	C:\WINDOWS\System32\OLEAUT32.dll
0x00007ff8a50b0000 - 0x00007ff8a50e2000 	C:\WINDOWS\SYSTEM32\dbgcore.DLL
0x00007ff8adda0000 - 0x00007ff8ade1b000 	C:\WINDOWS\System32\bcryptPrimitives.dll
0x00007ff89f1f0000 - 0x00007ff89f216000 	C:\Program Files\Java\jdk-19\bin\java.dll
0x00007ff89c8d0000 - 0x00007ff89c9a7000 	C:\Program Files\Java\jdk-19\bin\jsvml.dll
0x00007ff8ae7e0000 - 0x00007ff8af03c000 	C:\WINDOWS\System32\SHELL32.dll
0x00007ff8abcf0000 - 0x00007ff8ac5e7000 	C:\WINDOWS\SYSTEM32\windows.storage.dll
0x00007ff8abbb0000 - 0x00007ff8abcef000 	C:\WINDOWS\SYSTEM32\wintypes.dll
0x00007ff8b0420000 - 0x00007ff8b0514000 	C:\WINDOWS\System32\SHCORE.dll
0x00007ff8b0820000 - 0x00007ff8b087e000 	C:\WINDOWS\System32\shlwapi.dll
0x00007ff8adcd0000 - 0x00007ff8adcf1000 	C:\WINDOWS\SYSTEM32\profapi.dll
0x00007ff8a7db0000 - 0x00007ff8a7dc3000 	C:\Program Files\Java\jdk-19\bin\net.dll
0x00007ff8a9f20000 - 0x00007ff8aa056000 	C:\WINDOWS\SYSTEM32\WINHTTP.dll
0x00007ff8ad240000 - 0x00007ff8ad2a9000 	C:\WINDOWS\system32\mswsock.dll
0x00007ff89f730000 - 0x00007ff89f746000 	C:\Program Files\Java\jdk-19\bin\nio.dll
0x00007ff89f630000 - 0x00007ff89f648000 	C:\Program Files\Java\jdk-19\bin\zip.dll

dbghelp: loaded successfully - version: 4.0.5 - missing functions: none
symbol engine: initialized successfully - sym options: 0x614 - pdb path: .;C:\Program Files\Java\jdk-19\bin;C:\WINDOWS\SYSTEM32;C:\WINDOWS\WinSxS\amd64_microsoft.windows.common-controls_6595b64144ccf1df_6.0.22621.3672_none_2713b9d173822955;C:\Program Files\Java\jdk-19\bin\server

VM Arguments:
jvm_args: -Xmx64m -Xms64m -Dorg.gradle.appname=gradlew 
java_command: org.gradle.wrapper.GradleWrapperMain app:installDebug -PreactNativeDevServerPort=8081
java_class_path (initial): F:\hoaLen\duAnHoaLen\android\\gradle\wrapper\gradle-wrapper.jar
Launcher Type: SUN_STANDARD

[Global flags]
     intx CICompilerCount                          = 4                                         {product} {ergonomic}
     uint ConcGCThreads                            = 3                                         {product} {ergonomic}
     uint G1ConcRefinementThreads                  = 10                                        {product} {ergonomic}
   size_t G1HeapRegionSize                         = 1048576                                   {product} {ergonomic}
    uintx GCDrainStackTargetSize                   = 64                                        {product} {ergonomic}
   size_t InitialHeapSize                          = 67108864                                  {product} {command line}
   size_t MarkStackSize                            = 4194304                                   {product} {ergonomic}
   size_t MaxHeapSize                              = 67108864                                  {product} {command line}
   size_t MaxNewSize                               = 39845888                                  {product} {ergonomic}
   size_t MinHeapDeltaBytes                        = 1048576                                   {product} {ergonomic}
   size_t MinHeapSize                              = 67108864                                  {product} {command line}
    uintx NonNMethodCodeHeapSize                   = 5839372                                {pd product} {ergonomic}
    uintx NonProfiledCodeHeapSize                  = 122909434                              {pd product} {ergonomic}
    uintx ProfiledCodeHeapSize                     = 122909434                              {pd product} {ergonomic}
    uintx ReservedCodeCacheSize                    = 251658240                              {pd product} {ergonomic}
     bool SegmentedCodeCache                       = true                                      {product} {ergonomic}
   size_t SoftMaxHeapSize                          = 67108864                               {manageable} {ergonomic}
     bool UseCompressedClassPointers               = true                           {product lp64_product} {ergonomic}
     bool UseCompressedOops                        = true                           {product lp64_product} {ergonomic}
     bool UseG1GC                                  = true                                      {product} {ergonomic}
     bool UseLargePagesIndividualAllocation        = false                                  {pd product} {ergonomic}

Logging:
Log output configuration:
 #0: stdout all=warning uptime,level,tags foldmultilines=false
 #1: stderr all=off uptime,level,tags foldmultilines=false

Environment Variables:
JAVA_HOME=C:\Program Files\Java\jdk-19
CLASSPATH=F:\hoaLen\duAnHoaLen\android\\gradle\wrapper\gradle-wrapper.jar
PATH=F:\hoaLen\duAnHoaLen\node_modules\.bin;F:\hoaLen\duAnHoaLen\node_modules\.bin;F:\hoaLen\node_modules\.bin;F:\node_modules\.bin;C:\Program Files\nodejs\node_modules\npm\node_modules\@npmcli\run-script\lib\node-gyp-bin;F:\hoaLen\duAnHoaLen\node_modules\.bin;F:\hoaLen\node_modules\.bin;F:\node_modules\.bin;C:\Program Files\nodejs\node_modules\npm\node_modules\@npmcli\run-script\lib\node-gyp-bin;C:\Program Files\Common Files\Oracle\Java\javapath;C:\WINDOWS\system32;C:\WINDOWS;C:\WINDOWS\System32\Wbem;C:\WINDOWS\System32\WindowsPowerShell\v1.0\;C:\WINDOWS\System32\OpenSSH\;C:\Program Files (x86)\Microsoft SQL Server\160\Tools\Binn\;C:\Program Files\Microsoft SQL Server\160\Tools\Binn\;C:\Program Files\Microsoft SQL Server\Client SDK\ODBC\170\Tools\Binn\;C:\Program Files\Microsoft SQL Server\160\DTS\Binn\;C:\Program Files\Azure Data Studio\bin;C:\Program Files\nodejs\;C:\ProgramData\chocolatey\bin;C:\Program Files\Git\cmd;C:\Users\phipa\AppData\Local\Android\Sdk\tools;C:\Users\phipa\AppData\Local\Android\Sdk\platform-tools;C:\Users\phipa\AppData\Local\Microsoft\WindowsApps;C:\Users\phipa\AppData\Local\Programs\Microsoft VS Code\bin;C:\Program Files\Azure Data Studio\bin;C:\Users\phipa\AppData\Roaming\npm;C:\Users\phipa\AppData\Local\Android\Sdk\platforms;E:\mongodb\;D:\web\WebStorm 2024.1.2\bin;;C:\Users\phipa\AppData\Local\Android\Sdk\tools\bin;C:\Users\phipa\AppData\Local\Android\Sdk\build-tools\34.0.0;
USERNAME=phipa
LANG=en_US.UTF-8
OS=Windows_NT
PROCESSOR_IDENTIFIER=AMD64 Family 25 Model 80 Stepping 0, AuthenticAMD
TMP=C:\Users\phipa\AppData\Local\Temp
TEMP=C:\Users\phipa\AppData\Local\Temp



---------------  S Y S T E M  ---------------

OS:
 Windows 11 , 64 bit Build 22621 (10.0.22621.3672)
OS uptime: 1 days 4:36 hours

CPU: total 12 (initial active 12) (12 cores per cpu, 2 threads per core) family 25 model 80 stepping 0 microcode 0x0, cx8, cmov, fxsr, ht, mmx, 3dnowpref, sse, sse2, sse3, ssse3, sse4a, sse4.1, sse4.2, popcnt, lzcnt, tsc, tscinvbit, avx, avx2, aes, erms, clmul, bmi1, bmi2, adx, sha, fma, vzeroupper, clflush, clflushopt, rdtscp, rdpid, fsrm

Memory: 4k page, system-wide physical 15752M (825M free)
TotalPageFile size 28040M (AvailPageFile size 88M)
current process WorkingSet (physical memory assigned to process): 52M, peak: 52M
current process commit charge ("private bytes"): 154M, peak: 154M

vm_info: Java HotSpot(TM) 64-Bit Server VM (19.0.2+7-44) for windows-amd64 JRE (19.0.2+7-44), built on 2022-11-30T18:02:09Z by "mach5one" with MS VC++ 17.1 (VS2022)

END.
